Using pre-set license
Built from '2020.2/release' branch; Version is '2020.2.2f1 (068178b99f32) revision 426360'; Using compiler version '192528614'; Build Type 'Release'
OS: 'Windows 10 Enterprise G; OS build 16299.1481; Version 1709; 64bit' Language: 'zh' Physical Memory: 16296 MB
BatchMode: 1, IsHumanControllingUs: 0, StartBugReporterOnCrash: 0, Is64bit: 1, IsPro: 0

 COMMAND LINE ARGUMENTS:
D:\Program Files\Unity\Editor\Unity.exe
-adb2
-batchMode
-noUpm
-name
AssetImportWorker0
-projectPath
D:/xuexi/Menu
-logFile
Logs/AssetImportWorker0.log
-srvPort
51055
Successfully changed project path to: D:/xuexi/Menu
D:/xuexi/Menu
Using Asset Import Pipeline V2.
Refreshing native plugins compatible for Editor in 46.86 ms, found 1 plugins.
Preloading 0 native plugins for Editor in 0.00 ms.
Initialize engine version: 2020.2.2f1 (068178b99f32)
[Subsystems] Discovering subsystems at path D:/Program Files/Unity/Editor/Data/Resources/UnitySubsystems
[Subsystems] Discovering subsystems at path D:/xuexi/Menu/Assets
GfxDevice: creating device client; threaded=0
Direct3D:
    Version:  Direct3D 11.0 [level 11.1]
    Renderer: Intel(R) HD Graphics 530 (ID=0x191b)
    Vendor:   
    VRAM:     8148 MB
    Driver:   26.20.100.7212
Initialize mono
Mono path[0] = 'D:/Program Files/Unity/Editor/Data/Managed'
Mono path[1] = 'D:/Program Files/Unity/Editor/Data/MonoBleedingEdge/lib/mono/unityjit'
Mono config path = 'D:/Program Files/Unity/Editor/Data/MonoBleedingEdge/etc'
Using monoOptions --debugger-agent=transport=dt_socket,embedding=1,server=y,suspend=n,address=127.0.0.1:56800
Begin MonoManager ReloadAssembly
Registering precompiled unity dll's ...
Register platform support module: D:/Program Files/Unity/Editor/Data/PlaybackEngines/WindowsStandaloneSupport/UnityEditor.WindowsStandalone.Extensions.dll
Registered in 0.002439 seconds.
Native extension for WindowsStandalone target not found
Refreshing native plugins compatible for Editor in 45.74 ms, found 1 plugins.
Preloading 0 native plugins for Editor in 0.00 ms.
Invoked RoslynAnalysisRunner static constructor.
RoslynAnalysisRunner will not be running.
RoslynAnalysisRunner has terminated.
Mono: successfully reloaded assembly
- Completed reload, in  1.580 seconds
Platform modules already initialized, skipping
Registering precompiled user dll's ...
Registered in 0.001220 seconds.
Begin MonoManager ReloadAssembly
Native extension for WindowsStandalone target not found
Refreshing native plugins compatible for Editor in 54.89 ms, found 1 plugins.
Preloading 0 native plugins for Editor in 0.00 ms.
Invoked RoslynAnalysisRunner static constructor.
RoslynAnalysisRunner will not be running.
RoslynAnalysisRunner has terminated.
Mono: successfully reloaded assembly
- Completed reload, in  1.272 seconds
Platform modules already initialized, skipping
========================================================================
Worker process is ready to serve import requests
Launched and connected shader compiler UnityShaderCompiler.exe after 0.07 seconds
Refreshing native plugins compatible for Editor in 0.65 ms, found 1 plugins.
Preloading 0 native plugins for Editor in 0.00 ms.
Unloading 2094 Unused Serialized files (Serialized files now loaded: 0)
System memory in use before: 107.2 MB.
System memory in use after: 107.2 MB.

Unloading 26 unused Assets to reduce memory usage. Loaded Objects now: 2556.
Total: 2.294941 ms (FindLiveObjects: 0.253735 ms CreateObjectMapping: 0.121581 ms MarkObjects: 1.781430 ms  DeleteObjects: 0.135929 ms)

========================================================================
Received Import Request.
  path: Assets/Menu/Resourcs/Material/New Material.mat
  artifactKey: Guid(67b43d923e337cf418f231da3c390c15) Importer(815301076,1909f56bfc062723c751e8b465ee728b)
Start importing Assets/Menu/Resourcs/Material/New Material.mat using Guid(67b43d923e337cf418f231da3c390c15) Importer(815301076,1909f56bfc062723c751e8b465ee728b)  -> (artifact id: '6e46081c889bfe4d5f0545644760b2b2') in 0.215486 seconds
  Import took 0.218991 seconds .

========================================================================
Received Import Request.
  Time since last request: 535.978659 seconds.
  path: Assets/Menu/Scripts/Menu
  artifactKey: Guid(a2472d33d844a774cbbad77c8db12cfc) Importer(815301076,1909f56bfc062723c751e8b465ee728b)
Start importing Assets/Menu/Scripts/Menu using Guid(a2472d33d844a774cbbad77c8db12cfc) Importer(815301076,1909f56bfc062723c751e8b465ee728b)  -> (artifact id: '8aeab8b9576d27ef138071d607e81832') in 0.008289 seconds
  Import took 0.014381 seconds .

========================================================================
Received Import Request.
  Time since last request: 0.005960 seconds.
  path: Assets/Menu/Scripts/Menu
  artifactKey: Guid(a2472d33d844a774cbbad77c8db12cfc) Importer(815301076,1909f56bfc062723c751e8b465ee728b)
Start importing Assets/Menu/Scripts/Menu using Guid(a2472d33d844a774cbbad77c8db12cfc) Importer(815301076,1909f56bfc062723c751e8b465ee728b)  -> (artifact id: '8aeab8b9576d27ef138071d607e81832') in 0.009009 seconds
  Import took 0.014615 seconds .

========================================================================
Received Import Request.
  Time since last request: 1.532419 seconds.
  path: Assets/Menu/Scripts/PressAnyKey.cs
  artifactKey: Guid(5d9e7e76b0b77324986ccbbf01820747) Importer(815301076,1909f56bfc062723c751e8b465ee728b)
Start importing Assets/Menu/Scripts/PressAnyKey.cs using Guid(5d9e7e76b0b77324986ccbbf01820747) Importer(815301076,1909f56bfc062723c751e8b465ee728b)  -> (artifact id: '0463057a2567bf06c919ee2e757761aa') in 0.010289 seconds
  Import took 0.015180 seconds .

========================================================================
Received Import Request.
  Time since last request: 0.000311 seconds.
  path: Assets/Menu/Scripts/PressAnyKey.cs
  artifactKey: Guid(5d9e7e76b0b77324986ccbbf01820747) Importer(815301076,1909f56bfc062723c751e8b465ee728b)
Start importing Assets/Menu/Scripts/PressAnyKey.cs using Guid(5d9e7e76b0b77324986ccbbf01820747) Importer(815301076,1909f56bfc062723c751e8b465ee728b)  -> (artifact id: '0463057a2567bf06c919ee2e757761aa') in 0.004921 seconds
  Import took 0.008466 seconds .

========================================================================
Received Prepare
Registering precompiled user dll's ...
Registered in 0.001231 seconds.
Begin MonoManager ReloadAssembly
Native extension for WindowsStandalone target not found
Refreshing native plugins compatible for Editor in 0.62 ms, found 1 plugins.
Preloading 0 native plugins for Editor in 0.00 ms.
Invoked RoslynAnalysisRunner static constructor.
RoslynAnalysisRunner will not be running.
RoslynAnalysisRunner has terminated.
Mono: successfully reloaded assembly
- Completed reload, in  1.233 seconds
Platform modules already initialized, skipping
Refreshing native plugins compatible for Editor in 0.39 ms, found 1 plugins.
Preloading 0 native plugins for Editor in 0.00 ms.
Unloading 2088 Unused Serialized files (Serialized files now loaded: 0)
System memory in use before: 110.6 MB.
System memory in use after: 110.6 MB.

Unloading 12 unused Assets to reduce memory usage. Loaded Objects now: 2599.
Total: 2.753325 ms (FindLiveObjects: 0.242407 ms CreateObjectMapping: 0.104590 ms MarkObjects: 2.285124 ms  DeleteObjects: 0.119316 ms)

========================================================================
Received Import Request.
  Time since last request: 10.225042 seconds.
  path: Assets/Menu/Scripts/New Folder
  artifactKey: Guid(4a0493ca93ff2cb4c99008261b75980b) Importer(815301076,1909f56bfc062723c751e8b465ee728b)
Start importing Assets/Menu/Scripts/New Folder using Guid(4a0493ca93ff2cb4c99008261b75980b) Importer(815301076,1909f56bfc062723c751e8b465ee728b)  -> (artifact id: 'b3cb9860c6ef5825c931b24992c79fa9') in 0.006352 seconds
  Import took 0.009660 seconds .

========================================================================
Received Import Request.
  Time since last request: 1.882241 seconds.
  path: Assets/Menu/Scripts/Player
  artifactKey: Guid(4a0493ca93ff2cb4c99008261b75980b) Importer(815301076,1909f56bfc062723c751e8b465ee728b)
Start importing Assets/Menu/Scripts/Player using Guid(4a0493ca93ff2cb4c99008261b75980b) Importer(815301076,1909f56bfc062723c751e8b465ee728b)  -> (artifact id: '37198564213051bb98d1a37c996faaa5') in 0.012023 seconds
  Import took 0.017769 seconds .

========================================================================
Received Import Request.
  Time since last request: 30.084899 seconds.
  path: Assets/Menu/Scripts/Player/ThirdPersonPlayerController.cs
  artifactKey: Guid(ed73c5ba440c05e4b89b90b55762c046) Importer(815301076,1909f56bfc062723c751e8b465ee728b)
Start importing Assets/Menu/Scripts/Player/ThirdPersonPlayerController.cs using Guid(ed73c5ba440c05e4b89b90b55762c046) Importer(815301076,1909f56bfc062723c751e8b465ee728b)  -> (artifact id: 'd7b387529d607caab4ced337e77d4a90') in 0.006436 seconds
  Import took 0.010519 seconds .

========================================================================
Received Prepare
Registering precompiled user dll's ...
Registered in 0.001250 seconds.
Begin MonoManager ReloadAssembly
Native extension for WindowsStandalone target not found
Refreshing native plugins compatible for Editor in 0.47 ms, found 1 plugins.
Preloading 0 native plugins for Editor in 0.00 ms.
Invoked RoslynAnalysisRunner static constructor.
RoslynAnalysisRunner will not be running.
RoslynAnalysisRunner has terminated.
Mono: successfully reloaded assembly
- Completed reload, in  1.138 seconds
Platform modules already initialized, skipping
Refreshing native plugins compatible for Editor in 0.38 ms, found 1 plugins.
Preloading 0 native plugins for Editor in 0.00 ms.
Unloading 2089 Unused Serialized files (Serialized files now loaded: 0)
System memory in use before: 110.9 MB.
System memory in use after: 110.9 MB.

Unloading 12 unused Assets to reduce memory usage. Loaded Objects now: 2603.
Total: 2.101997 ms (FindLiveObjects: 0.198608 ms CreateObjectMapping: 0.083446 ms MarkObjects: 1.714976 ms  DeleteObjects: 0.103835 ms)

========================================================================
Received Import Request.
  Time since last request: 17.732547 seconds.
  path: Assets/Menu/Scripts/Player/ThirdPersonCamera.cs
  artifactKey: Guid(6fde7a1ee055e4f4ea662879b6ca6f76) Importer(815301076,1909f56bfc062723c751e8b465ee728b)
Start importing Assets/Menu/Scripts/Player/ThirdPersonCamera.cs using Guid(6fde7a1ee055e4f4ea662879b6ca6f76) Importer(815301076,1909f56bfc062723c751e8b465ee728b)  -> (artifact id: 'd51853d20384d2bb7875881feb7ae876') in 0.014746 seconds
  Import took 0.019845 seconds .

========================================================================
Received Import Request.
  Time since last request: 0.002682 seconds.
  path: Assets/Menu/Scripts/Player/ThirdPersonCamera.cs
  artifactKey: Guid(6fde7a1ee055e4f4ea662879b6ca6f76) Importer(815301076,1909f56bfc062723c751e8b465ee728b)
Start importing Assets/Menu/Scripts/Player/ThirdPersonCamera.cs using Guid(6fde7a1ee055e4f4ea662879b6ca6f76) Importer(815301076,1909f56bfc062723c751e8b465ee728b)  -> (artifact id: 'd51853d20384d2bb7875881feb7ae876') in 0.010804 seconds
  Import took 0.017383 seconds .

========================================================================
Received Prepare
Registering precompiled user dll's ...
Registered in 0.001290 seconds.
Begin MonoManager ReloadAssembly
Native extension for WindowsStandalone target not found
Refreshing native plugins compatible for Editor in 0.42 ms, found 1 plugins.
Preloading 0 native plugins for Editor in 0.00 ms.
Invoked RoslynAnalysisRunner static constructor.
RoslynAnalysisRunner will not be running.
RoslynAnalysisRunner has terminated.
Mono: successfully reloaded assembly
- Completed reload, in  1.187 seconds
Platform modules already initialized, skipping
Refreshing native plugins compatible for Editor in 0.38 ms, found 1 plugins.
Preloading 0 native plugins for Editor in 0.00 ms.
Unloading 2090 Unused Serialized files (Serialized files now loaded: 0)
System memory in use before: 111.1 MB.
System memory in use after: 111.1 MB.

Unloading 12 unused Assets to reduce memory usage. Loaded Objects now: 2607.
Total: 3.141479 ms (FindLiveObjects: 0.263930 ms CreateObjectMapping: 0.134797 ms MarkObjects: 2.603803 ms  DeleteObjects: 0.137440 ms)

========================================================================
Received Import Request.
  Time since last request: 42.542285 seconds.
  path: Assets/Menu/Scripts/Player/ThirdPersonPlayerController.cs
  artifactKey: Guid(ed73c5ba440c05e4b89b90b55762c046) Importer(815301076,1909f56bfc062723c751e8b465ee728b)
Start importing Assets/Menu/Scripts/Player/ThirdPersonPlayerController.cs using Guid(ed73c5ba440c05e4b89b90b55762c046) Importer(815301076,1909f56bfc062723c751e8b465ee728b)  -> (artifact id: '5badcd7772b04ed3addd869948c9551b') in 0.007943 seconds
  Import took 0.011881 seconds .

========================================================================
Received Import Request.
  Time since last request: 0.002002 seconds.
  path: Assets/Menu/Scripts/Player/ThirdPersonPlayerController.cs
  artifactKey: Guid(ed73c5ba440c05e4b89b90b55762c046) Importer(815301076,1909f56bfc062723c751e8b465ee728b)
Start importing Assets/Menu/Scripts/Player/ThirdPersonPlayerController.cs using Guid(ed73c5ba440c05e4b89b90b55762c046) Importer(815301076,1909f56bfc062723c751e8b465ee728b)  -> (artifact id: '5badcd7772b04ed3addd869948c9551b') in 0.003361 seconds
  Import took 0.006712 seconds .

========================================================================
Received Prepare
Registering precompiled user dll's ...
Registered in 0.001300 seconds.
Begin MonoManager ReloadAssembly
Native extension for WindowsStandalone target not found
Refreshing native plugins compatible for Editor in 1.08 ms, found 1 plugins.
Preloading 0 native plugins for Editor in 0.00 ms.
Invoked RoslynAnalysisRunner static constructor.
RoslynAnalysisRunner will not be running.
RoslynAnalysisRunner has terminated.
Mono: successfully reloaded assembly
- Completed reload, in  1.179 seconds
Platform modules already initialized, skipping
Refreshing native plugins compatible for Editor in 0.39 ms, found 1 plugins.
Preloading 0 native plugins for Editor in 0.00 ms.
Unloading 2090 Unused Serialized files (Serialized files now loaded: 0)
System memory in use before: 111.3 MB.
System memory in use after: 111.3 MB.

Unloading 12 unused Assets to reduce memory usage. Loaded Objects now: 2610.
Total: 2.307779 ms (FindLiveObjects: 0.233723 ms CreateObjectMapping: 0.094773 ms MarkObjects: 1.867519 ms  DeleteObjects: 0.110631 ms)

========================================================================
Received Import Request.
  Time since last request: 13.189268 seconds.
  path: Assets/Menu/Scripts/Player/ThirdPersonCamera.cs
  artifactKey: Guid(6fde7a1ee055e4f4ea662879b6ca6f76) Importer(815301076,1909f56bfc062723c751e8b465ee728b)
Start importing Assets/Menu/Scripts/Player/ThirdPersonCamera.cs using Guid(6fde7a1ee055e4f4ea662879b6ca6f76) Importer(815301076,1909f56bfc062723c751e8b465ee728b)  -> (artifact id: '4223fcdac4f4af8a1764bf53f93fc6bd') in 0.005908 seconds
  Import took 0.009309 seconds .

========================================================================
Received Prepare
Registering precompiled user dll's ...
Registered in 0.001221 seconds.
Begin MonoManager ReloadAssembly
Native extension for WindowsStandalone target not found
Refreshing native plugins compatible for Editor in 0.45 ms, found 1 plugins.
Preloading 0 native plugins for Editor in 0.00 ms.
Invoked RoslynAnalysisRunner static constructor.
RoslynAnalysisRunner will not be running.
RoslynAnalysisRunner has terminated.
Mono: successfully reloaded assembly
- Completed reload, in  1.179 seconds
Platform modules already initialized, skipping
Refreshing native plugins compatible for Editor in 0.74 ms, found 1 plugins.
Preloading 0 native plugins for Editor in 0.00 ms.
Unloading 2090 Unused Serialized files (Serialized files now loaded: 0)
System memory in use before: 111.4 MB.
System memory in use after: 111.4 MB.

Unloading 12 unused Assets to reduce memory usage. Loaded Objects now: 2613.
Total: 2.268133 ms (FindLiveObjects: 0.216354 ms CreateObjectMapping: 0.092130 ms MarkObjects: 1.849017 ms  DeleteObjects: 0.109499 ms)

========================================================================
Received Import Request.
  Time since last request: 305.338420 seconds.
  path: Assets/New Terrain.asset
  artifactKey: Guid(b9140e87fc5327f4b89857ec89f49296) Importer(815301076,1909f56bfc062723c751e8b465ee728b)
Start importing Assets/New Terrain.asset using Guid(b9140e87fc5327f4b89857ec89f49296) Importer(815301076,1909f56bfc062723c751e8b465ee728b)  -> (artifact id: '3967cbdc4db686746027bbe987b9c773') in 0.029548 seconds
  Import took 0.033480 seconds .

========================================================================
Received Import Request.
  Time since last request: 0.707435 seconds.
  path: Assets/TerrainData_002b0dda-eb6a-40f6-9051-1707e28943e8.asset
  artifactKey: Guid(585aa9739b9481a4eafd14bed9b8fbe0) Importer(815301076,1909f56bfc062723c751e8b465ee728b)
Start importing Assets/TerrainData_002b0dda-eb6a-40f6-9051-1707e28943e8.asset using Guid(585aa9739b9481a4eafd14bed9b8fbe0) Importer(815301076,1909f56bfc062723c751e8b465ee728b)  -> (artifact id: 'd7648bef746cff479f4cf7da95173f7f') in 0.012106 seconds
  Import took 0.016040 seconds .

========================================================================
Received Import Request.
  Time since last request: 1.394270 seconds.
  path: Assets/UML.drawio
  artifactKey: Guid(7d903d8a5614f17458bcb1070e7be3bd) Importer(815301076,1909f56bfc062723c751e8b465ee728b)
Start importing Assets/UML.drawio using Guid(7d903d8a5614f17458bcb1070e7be3bd) Importer(815301076,1909f56bfc062723c751e8b465ee728b)  -> (artifact id: 'f1a119e6787b6d9cc3ed330769ae20cd') in 0.010504 seconds
  Import took 0.013875 seconds .

========================================================================
Received Prepare
Registering precompiled user dll's ...
Registered in 0.001214 seconds.
Begin MonoManager ReloadAssembly
Native extension for WindowsStandalone target not found
Refreshing native plugins compatible for Editor in 0.45 ms, found 1 plugins.
Preloading 0 native plugins for Editor in 0.00 ms.
Invoked RoslynAnalysisRunner static constructor.
RoslynAnalysisRunner will not be running.
RoslynAnalysisRunner has terminated.
Mono: successfully reloaded assembly
- Completed reload, in  1.083 seconds
Platform modules already initialized, skipping
Refreshing native plugins compatible for Editor in 0.41 ms, found 1 plugins.
Preloading 0 native plugins for Editor in 0.00 ms.
Unloading 2090 Unused Serialized files (Serialized files now loaded: 0)
System memory in use before: 111.7 MB.
System memory in use after: 111.7 MB.

Unloading 12 unused Assets to reduce memory usage. Loaded Objects now: 2616.
Total: 2.259826 ms (FindLiveObjects: 0.222773 ms CreateObjectMapping: 0.100437 ms MarkObjects: 1.822964 ms  DeleteObjects: 0.112519 ms)

========================================================================
Received Import Request.
  Time since last request: 20.989381 seconds.
  path: Assets/Menu/Resourcs/Terrain
  artifactKey: Guid(48b0f3547702f5a4a960b9ba40dfa89b) Importer(815301076,1909f56bfc062723c751e8b465ee728b)
Start importing Assets/Menu/Resourcs/Terrain using Guid(48b0f3547702f5a4a960b9ba40dfa89b) Importer(815301076,1909f56bfc062723c751e8b465ee728b)  -> (artifact id: 'a8acad331cbd2ec993b93f9f1951e796') in 0.005946 seconds
  Import took 0.010073 seconds .

========================================================================
Received Import Request.
  Time since last request: 25.179033 seconds.
  path: Assets/Menu/Resourcs/Input
  artifactKey: Guid(897ec2948e703cd42948b66baa6b3431) Importer(815301076,1909f56bfc062723c751e8b465ee728b)
Start importing Assets/Menu/Resourcs/Input using Guid(897ec2948e703cd42948b66baa6b3431) Importer(815301076,1909f56bfc062723c751e8b465ee728b)  -> (artifact id: '8563cc867dbb6098a578505c0dae6dd6') in 0.005024 seconds
  Import took 0.010356 seconds .

========================================================================
Received Import Request.
  Time since last request: 7.179772 seconds.
  path: Assets/Menu/Resourcs/Input/Player.inputactions
  artifactKey: Guid(080b0f68490c14348aa5c3d256748127) Importer(815301076,1909f56bfc062723c751e8b465ee728b)
Start importing Assets/Menu/Resourcs/Input/Player.inputactions using Guid(080b0f68490c14348aa5c3d256748127) Importer(815301076,1909f56bfc062723c751e8b465ee728b)  -> (artifact id: '1eb19c2740da91b4c80dc13f5026efb5') in 0.018634 seconds
  Import took 0.022215 seconds .

========================================================================
Received Import Request.
  Time since last request: 0.000700 seconds.
  path: Assets/Menu/Resourcs/Input/Player.inputactions
  artifactKey: Guid(080b0f68490c14348aa5c3d256748127) Importer(815301076,1909f56bfc062723c751e8b465ee728b)
Start importing Assets/Menu/Resourcs/Input/Player.inputactions using Guid(080b0f68490c14348aa5c3d256748127) Importer(815301076,1909f56bfc062723c751e8b465ee728b)  -> (artifact id: '1eb19c2740da91b4c80dc13f5026efb5') in 0.006975 seconds
  Import took 0.010370 seconds .

========================================================================
Received Import Request.
  Time since last request: 7.120000 seconds.
  path: Assets/Menu/Resourcs/Input/Player.inputactions
  artifactKey: Guid(080b0f68490c14348aa5c3d256748127) Importer(815301076,1909f56bfc062723c751e8b465ee728b)
Start importing Assets/Menu/Resourcs/Input/Player.inputactions using Guid(080b0f68490c14348aa5c3d256748127) Importer(815301076,1909f56bfc062723c751e8b465ee728b)  -> (artifact id: 'e76b1479e1545fd6d371ab8d16f228fa') in 0.035692 seconds
  Import took 0.040521 seconds .

========================================================================
Received Import Request.
  Time since last request: 0.089592 seconds.
  path: Assets/Menu/Resourcs/Input/Player.inputactions
  artifactKey: Guid(080b0f68490c14348aa5c3d256748127) Importer(815301076,1909f56bfc062723c751e8b465ee728b)
Start importing Assets/Menu/Resourcs/Input/Player.inputactions using Guid(080b0f68490c14348aa5c3d256748127) Importer(815301076,1909f56bfc062723c751e8b465ee728b)  -> (artifact id: 'e76b1479e1545fd6d371ab8d16f228fa') in 0.005389 seconds
  Import took 0.009522 seconds .

========================================================================
Received Prepare
Registering precompiled user dll's ...
Registered in 0.001814 seconds.
Begin MonoManager ReloadAssembly
Native extension for WindowsStandalone target not found
Refreshing native plugins compatible for Editor in 0.40 ms, found 1 plugins.
Preloading 0 native plugins for Editor in 0.00 ms.
Invoked RoslynAnalysisRunner static constructor.
RoslynAnalysisRunner will not be running.
RoslynAnalysisRunner has terminated.
Mono: successfully reloaded assembly
- Completed reload, in  1.140 seconds
Platform modules already initialized, skipping
Refreshing native plugins compatible for Editor in 0.90 ms, found 1 plugins.
Preloading 0 native plugins for Editor in 0.00 ms.
Unloading 2091 Unused Serialized files (Serialized files now loaded: 0)
System memory in use before: 111.9 MB.
System memory in use after: 111.9 MB.

Unloading 12 unused Assets to reduce memory usage. Loaded Objects now: 2620.
Total: 3.163379 ms (FindLiveObjects: 0.240519 ms CreateObjectMapping: 0.098171 ms MarkObjects: 2.692912 ms  DeleteObjects: 0.129888 ms)

========================================================================
Received Import Request.
  Time since last request: 466.890290 seconds.
  path: Assets/Menu/Resourcs/Input/Player.inputactions
  artifactKey: Guid(080b0f68490c14348aa5c3d256748127) Importer(815301076,1909f56bfc062723c751e8b465ee728b)
Start importing Assets/Menu/Resourcs/Input/Player.inputactions using Guid(080b0f68490c14348aa5c3d256748127) Importer(815301076,1909f56bfc062723c751e8b465ee728b)  -> (artifact id: '8a684eac31c48b4511c792ff4d2cbe40') in 0.052257 seconds
  Import took 0.058745 seconds .

========================================================================
Received Import Request.
  Time since last request: 0.071056 seconds.
  path: Assets/Menu/Resourcs/Input/Player.inputactions
  artifactKey: Guid(080b0f68490c14348aa5c3d256748127) Importer(815301076,1909f56bfc062723c751e8b465ee728b)
Start importing Assets/Menu/Resourcs/Input/Player.inputactions using Guid(080b0f68490c14348aa5c3d256748127) Importer(815301076,1909f56bfc062723c751e8b465ee728b)  -> (artifact id: '8a684eac31c48b4511c792ff4d2cbe40') in 0.007398 seconds
  Import took 0.012132 seconds .

========================================================================
Received Import Request.
  Time since last request: 18.755263 seconds.
  path: Assets/Menu/Resourcs/Input/Player.cs
  artifactKey: Guid(a56315dc3ae916d4bafbc0941e40668a) Importer(815301076,1909f56bfc062723c751e8b465ee728b)
Start importing Assets/Menu/Resourcs/Input/Player.cs using Guid(a56315dc3ae916d4bafbc0941e40668a) Importer(815301076,1909f56bfc062723c751e8b465ee728b)  -> (artifact id: '6c9fe86579b3ba8d2e529cd99ce54c52') in 0.003404 seconds
  Import took 0.007219 seconds .

========================================================================
Received Import Request.
  Time since last request: 0.032684 seconds.
  path: Assets/Menu/Resourcs/Input/Player.cs
  artifactKey: Guid(a56315dc3ae916d4bafbc0941e40668a) Importer(815301076,1909f56bfc062723c751e8b465ee728b)
Start importing Assets/Menu/Resourcs/Input/Player.cs using Guid(a56315dc3ae916d4bafbc0941e40668a) Importer(815301076,1909f56bfc062723c751e8b465ee728b)  -> (artifact id: '6c9fe86579b3ba8d2e529cd99ce54c52') in 0.004494 seconds
  Import took 0.007935 seconds .

========================================================================
Received Import Request.
  Time since last request: 22.713487 seconds.
  path: Assets/Menu/Resourcs/Input/Player.inputactions
  artifactKey: Guid(080b0f68490c14348aa5c3d256748127) Importer(815301076,1909f56bfc062723c751e8b465ee728b)
Start importing Assets/Menu/Resourcs/Input/Player.inputactions using Guid(080b0f68490c14348aa5c3d256748127) Importer(815301076,1909f56bfc062723c751e8b465ee728b)  -> (artifact id: '6746f4b55aa8fc8dcd154afb48d5873c') in 0.007063 seconds
  Import took 0.011853 seconds .

========================================================================
Received Prepare
Registering precompiled user dll's ...
Registered in 0.001353 seconds.
Begin MonoManager ReloadAssembly
Native extension for WindowsStandalone target not found
Refreshing native plugins compatible for Editor in 0.39 ms, found 1 plugins.
Preloading 0 native plugins for Editor in 0.00 ms.
Invoked RoslynAnalysisRunner static constructor.
RoslynAnalysisRunner will not be running.
RoslynAnalysisRunner has terminated.
Mono: successfully reloaded assembly
- Completed reload, in  1.117 seconds
Platform modules already initialized, skipping
Refreshing native plugins compatible for Editor in 0.66 ms, found 1 plugins.
Preloading 0 native plugins for Editor in 0.00 ms.
Unloading 2090 Unused Serialized files (Serialized files now loaded: 0)
System memory in use before: 112.1 MB.
System memory in use after: 112.1 MB.

Unloading 13 unused Assets to reduce memory usage. Loaded Objects now: 2622.
Total: 3.047084 ms (FindLiveObjects: 0.300177 ms CreateObjectMapping: 0.215599 ms MarkObjects: 2.350823 ms  DeleteObjects: 0.178974 ms)

========================================================================
Received Prepare
Registering precompiled user dll's ...
Registered in 0.001400 seconds.
Begin MonoManager ReloadAssembly
Native extension for WindowsStandalone target not found
Refreshing native plugins compatible for Editor in 0.38 ms, found 1 plugins.
Preloading 0 native plugins for Editor in 0.00 ms.
Invoked RoslynAnalysisRunner static constructor.
RoslynAnalysisRunner will not be running.
RoslynAnalysisRunner has terminated.
Mono: successfully reloaded assembly
- Completed reload, in  1.196 seconds
Platform modules already initialized, skipping
Refreshing native plugins compatible for Editor in 0.41 ms, found 1 plugins.
Preloading 0 native plugins for Editor in 0.00 ms.
Unloading 2090 Unused Serialized files (Serialized files now loaded: 0)
System memory in use before: 112.3 MB.
System memory in use after: 112.3 MB.

Unloading 12 unused Assets to reduce memory usage. Loaded Objects now: 2625.
Total: 4.029929 ms (FindLiveObjects: 0.316036 ms CreateObjectMapping: 0.595446 ms MarkObjects: 2.977986 ms  DeleteObjects: 0.138195 ms)

========================================================================
Received Import Request.
  Time since last request: 310.824670 seconds.
  path: Assets/Menu/Resourcs/Input/Control.inputactions
  artifactKey: Guid(080b0f68490c14348aa5c3d256748127) Importer(815301076,1909f56bfc062723c751e8b465ee728b)
Start importing Assets/Menu/Resourcs/Input/Control.inputactions using Guid(080b0f68490c14348aa5c3d256748127) Importer(815301076,1909f56bfc062723c751e8b465ee728b)  -> (artifact id: '0d8d5d6144311e5ccb0e063c7ecea89d') in 0.023819 seconds
  Import took 0.027606 seconds .

========================================================================
Received Import Request.
  Time since last request: 7.348841 seconds.
  path: Assets/Menu/Resourcs/Input/Control.inputactions
  artifactKey: Guid(080b0f68490c14348aa5c3d256748127) Importer(815301076,1909f56bfc062723c751e8b465ee728b)
Start importing Assets/Menu/Resourcs/Input/Control.inputactions using Guid(080b0f68490c14348aa5c3d256748127) Importer(815301076,1909f56bfc062723c751e8b465ee728b)  -> (artifact id: 'e41817ff9b0b83294f01b92f6eab843f') in 0.006332 seconds
  Import took 0.010653 seconds .

========================================================================
Received Import Request.
  Time since last request: 0.019169 seconds.
  path: Assets/Menu/Resourcs/Input/Control.inputactions
  artifactKey: Guid(080b0f68490c14348aa5c3d256748127) Importer(815301076,1909f56bfc062723c751e8b465ee728b)
Start importing Assets/Menu/Resourcs/Input/Control.inputactions using Guid(080b0f68490c14348aa5c3d256748127) Importer(815301076,1909f56bfc062723c751e8b465ee728b)  -> (artifact id: 'e41817ff9b0b83294f01b92f6eab843f') in 0.006543 seconds
  Import took 0.010311 seconds .

========================================================================
Received Prepare
Registering precompiled user dll's ...
Registered in 0.001243 seconds.
Begin MonoManager ReloadAssembly
Native extension for WindowsStandalone target not found
Refreshing native plugins compatible for Editor in 0.41 ms, found 1 plugins.
Preloading 0 native plugins for Editor in 0.00 ms.
Invoked RoslynAnalysisRunner static constructor.
RoslynAnalysisRunner will not be running.
RoslynAnalysisRunner has terminated.
Mono: successfully reloaded assembly
- Completed reload, in  1.167 seconds
Platform modules already initialized, skipping
Refreshing native plugins compatible for Editor in 0.39 ms, found 1 plugins.
Preloading 0 native plugins for Editor in 0.00 ms.
Unloading 2091 Unused Serialized files (Serialized files now loaded: 0)
System memory in use before: 112.5 MB.
System memory in use after: 112.5 MB.

Unloading 12 unused Assets to reduce memory usage. Loaded Objects now: 2629.
Total: 9.415753 ms (FindLiveObjects: 0.380980 ms CreateObjectMapping: 0.163115 ms MarkObjects: 8.666253 ms  DeleteObjects: 0.203516 ms)

========================================================================
Received Prepare
Registering precompiled user dll's ...
Registered in 0.002280 seconds.
Begin MonoManager ReloadAssembly
Native extension for WindowsStandalone target not found
Refreshing native plugins compatible for Editor in 0.68 ms, found 1 plugins.
Preloading 0 native plugins for Editor in 0.00 ms.
Invoked RoslynAnalysisRunner static constructor.
RoslynAnalysisRunner will not be running.
RoslynAnalysisRunner has terminated.
Mono: successfully reloaded assembly
- Completed reload, in  1.219 seconds
Platform modules already initialized, skipping
Refreshing native plugins compatible for Editor in 0.63 ms, found 1 plugins.
Preloading 0 native plugins for Editor in 0.00 ms.
Unloading 2091 Unused Serialized files (Serialized files now loaded: 0)
System memory in use before: 112.5 MB.
System memory in use after: 112.5 MB.

Unloading 12 unused Assets to reduce memory usage. Loaded Objects now: 2632.
Total: 2.369325 ms (FindLiveObjects: 0.226927 ms CreateObjectMapping: 0.092130 ms MarkObjects: 1.937371 ms  DeleteObjects: 0.111387 ms)

========================================================================
Received Prepare
Registering precompiled user dll's ...
Registered in 0.002562 seconds.
Begin MonoManager ReloadAssembly
Native extension for WindowsStandalone target not found
Refreshing native plugins compatible for Editor in 0.42 ms, found 1 plugins.
Preloading 0 native plugins for Editor in 0.00 ms.
Invoked RoslynAnalysisRunner static constructor.
RoslynAnalysisRunner will not be running.
RoslynAnalysisRunner has terminated.
Mono: successfully reloaded assembly
- Completed reload, in  1.131 seconds
Platform modules already initialized, skipping
Refreshing native plugins compatible for Editor in 0.41 ms, found 1 plugins.
Preloading 0 native plugins for Editor in 0.00 ms.
Unloading 2091 Unused Serialized files (Serialized files now loaded: 0)
System memory in use before: 111.9 MB.
System memory in use after: 111.9 MB.

Unloading 12 unused Assets to reduce memory usage. Loaded Objects now: 2635.
Total: 2.391980 ms (FindLiveObjects: 0.246561 ms CreateObjectMapping: 0.095528 ms MarkObjects: 1.932463 ms  DeleteObjects: 0.115918 ms)

========================================================================
Received Import Request.
  Time since last request: 4013.949077 seconds.
  path: Assets/Menu/Resourcs/Input/Control.inputactions
  artifactKey: Guid(080b0f68490c14348aa5c3d256748127) Importer(815301076,1909f56bfc062723c751e8b465ee728b)
Start importing Assets/Menu/Resourcs/Input/Control.inputactions using Guid(080b0f68490c14348aa5c3d256748127) Importer(815301076,1909f56bfc062723c751e8b465ee728b)  -> (artifact id: '905e8e3fdc9be66df8ca5f5cae96337c') in 0.031654 seconds
  Import took 0.045437 seconds .

========================================================================
Received Import Request.
  Time since last request: 0.099426 seconds.
  path: Assets/Menu/Resourcs/Input/Control.inputactions
  artifactKey: Guid(080b0f68490c14348aa5c3d256748127) Importer(815301076,1909f56bfc062723c751e8b465ee728b)
Start importing Assets/Menu/Resourcs/Input/Control.inputactions using Guid(080b0f68490c14348aa5c3d256748127) Importer(815301076,1909f56bfc062723c751e8b465ee728b)  -> (artifact id: '905e8e3fdc9be66df8ca5f5cae96337c') in 0.005523 seconds
  Import took 0.009067 seconds .

========================================================================
Received Prepare
Registering precompiled user dll's ...
Registered in 0.001590 seconds.
Begin MonoManager ReloadAssembly
Native extension for WindowsStandalone target not found
Refreshing native plugins compatible for Editor in 0.38 ms, found 1 plugins.
Preloading 0 native plugins for Editor in 0.00 ms.
Invoked RoslynAnalysisRunner static constructor.
RoslynAnalysisRunner will not be running.
RoslynAnalysisRunner has terminated.
Mono: successfully reloaded assembly
- Completed reload, in  1.141 seconds
Platform modules already initialized, skipping
Refreshing native plugins compatible for Editor in 0.37 ms, found 1 plugins.
Preloading 0 native plugins for Editor in 0.00 ms.
Unloading 2091 Unused Serialized files (Serialized files now loaded: 0)
System memory in use before: 112.1 MB.
System memory in use after: 112.1 MB.

Unloading 12 unused Assets to reduce memory usage. Loaded Objects now: 2638.
Total: 2.739355 ms (FindLiveObjects: 0.317546 ms CreateObjectMapping: 0.131021 ms MarkObjects: 2.167318 ms  DeleteObjects: 0.121581 ms)

========================================================================
Received Prepare
Registering precompiled user dll's ...
Registered in 0.001314 seconds.
Begin MonoManager ReloadAssembly
Native extension for WindowsStandalone target not found
Refreshing native plugins compatible for Editor in 0.42 ms, found 1 plugins.
Preloading 0 native plugins for Editor in 0.00 ms.
Invoked RoslynAnalysisRunner static constructor.
RoslynAnalysisRunner will not be running.
RoslynAnalysisRunner has terminated.
Mono: successfully reloaded assembly
- Completed reload, in  1.094 seconds
Platform modules already initialized, skipping
Refreshing native plugins compatible for Editor in 0.38 ms, found 1 plugins.
Preloading 0 native plugins for Editor in 0.00 ms.
Unloading 2091 Unused Serialized files (Serialized files now loaded: 0)
System memory in use before: 112.3 MB.
System memory in use after: 112.3 MB.

Unloading 12 unused Assets to reduce memory usage. Loaded Objects now: 2641.
Total: 3.058789 ms (FindLiveObjects: 0.279788 ms CreateObjectMapping: 0.103080 ms MarkObjects: 2.547166 ms  DeleteObjects: 0.126867 ms)

========================================================================
Received Import Request.
  Time since last request: 1440.892735 seconds.
  path: Assets/Menu/Resourcs/Sprites/ship_I.png
  artifactKey: Guid(c96258ab0a8e41744a29a7c9a9248d9d) Importer(815301076,1909f56bfc062723c751e8b465ee728b)
Start importing Assets/Menu/Resourcs/Sprites/ship_I.png using Guid(c96258ab0a8e41744a29a7c9a9248d9d) Importer(815301076,1909f56bfc062723c751e8b465ee728b)  -> (artifact id: '62cd66d5ba3af1a93b519cb176d56772') in 0.096473 seconds
  Import took 0.100477 seconds .

========================================================================
Received Import Request.
  Time since last request: 3.320288 seconds.
  path: Assets/Menu/Resourcs/Sprites/border.png
  artifactKey: Guid(4c831a1a020f8e04a8c08b6325f094fc) Importer(815301076,1909f56bfc062723c751e8b465ee728b)
Start importing Assets/Menu/Resourcs/Sprites/border.png using Guid(4c831a1a020f8e04a8c08b6325f094fc) Importer(815301076,1909f56bfc062723c751e8b465ee728b)  -> (artifact id: '9ee03bed20dfdf9ab7dfc4b2b2f738a4') in 0.014948 seconds
  Import took 0.018864 seconds .

========================================================================
Received Import Request.
  Time since last request: 0.000791 seconds.
  path: Assets/Menu/Resourcs/Sprites/border.png
  artifactKey: Guid(4c831a1a020f8e04a8c08b6325f094fc) Importer(815301076,1909f56bfc062723c751e8b465ee728b)
Start importing Assets/Menu/Resourcs/Sprites/border.png using Guid(4c831a1a020f8e04a8c08b6325f094fc) Importer(815301076,1909f56bfc062723c751e8b465ee728b)  -> (artifact id: '9ee03bed20dfdf9ab7dfc4b2b2f738a4') in 0.013433 seconds
  Import took 0.017337 seconds .

========================================================================
Received Import Request.
  Time since last request: 372.533038 seconds.
  path: ProjectSettings/TagManager.asset
  artifactKey: Guid(00000000000000003000000000000000) Importer(815301076,1909f56bfc062723c751e8b465ee728b)
Start importing ProjectSettings/TagManager.asset using Guid(00000000000000003000000000000000) Importer(815301076,1909f56bfc062723c751e8b465ee728b)  -> (artifact id: 'e8c3ab6b558fa7fe7c42e9a55a892947') in 0.005077 seconds
  Import took 0.008777 seconds .

========================================================================
Received Import Request.
  Time since last request: 0.001975 seconds.
  path: ProjectSettings/TagManager.asset
  artifactKey: Guid(00000000000000003000000000000000) Importer(815301076,1909f56bfc062723c751e8b465ee728b)
Start importing ProjectSettings/TagManager.asset using Guid(00000000000000003000000000000000) Importer(815301076,1909f56bfc062723c751e8b465ee728b)  -> (artifact id: 'e8c3ab6b558fa7fe7c42e9a55a892947') in 0.004396 seconds
  Import took 0.007707 seconds .

========================================================================
Received Import Request.
  Time since last request: 118.929681 seconds.
  path: Assets/Menu/Resourcs/Texture
  artifactKey: Guid(81e6ab86c19e8e644a4736d73458af59) Importer(815301076,1909f56bfc062723c751e8b465ee728b)
Start importing Assets/Menu/Resourcs/Texture using Guid(81e6ab86c19e8e644a4736d73458af59) Importer(815301076,1909f56bfc062723c751e8b465ee728b)  -> (artifact id: 'e1725d585b1e1316ec1dae3738fec87f') in 0.004220 seconds
  Import took 0.008583 seconds .

========================================================================
Received Import Request.
  Time since last request: 0.000997 seconds.
  path: Assets/Menu/Resourcs/Texture
  artifactKey: Guid(81e6ab86c19e8e644a4736d73458af59) Importer(815301076,1909f56bfc062723c751e8b465ee728b)
Start importing Assets/Menu/Resourcs/Texture using Guid(81e6ab86c19e8e644a4736d73458af59) Importer(815301076,1909f56bfc062723c751e8b465ee728b)  -> (artifact id: 'e1725d585b1e1316ec1dae3738fec87f') in 0.003548 seconds
  Import took 0.006842 seconds .

========================================================================
Received Import Request.
  Time since last request: 7.376872 seconds.
  path: Assets/Menu/Resourcs/Texture/New Render Texture.renderTexture
  artifactKey: Guid(ba0cec2129483c4408573488b357b812) Importer(815301076,1909f56bfc062723c751e8b465ee728b)
Start importing Assets/Menu/Resourcs/Texture/New Render Texture.renderTexture using Guid(ba0cec2129483c4408573488b357b812) Importer(815301076,1909f56bfc062723c751e8b465ee728b)  -> (artifact id: '8e219178324056c7fe24fed091eb6d08') in 0.041678 seconds
  Import took 0.046159 seconds .

========================================================================
Received Import Request.
  Time since last request: 107.959974 seconds.
  path: Assets/Menu/Resourcs/Material/New Physic Material.physicMaterial
  artifactKey: Guid(c9c47b5ddb23a6148a16fe29157e0aad) Importer(815301076,1909f56bfc062723c751e8b465ee728b)
Start importing Assets/Menu/Resourcs/Material/New Physic Material.physicMaterial using Guid(c9c47b5ddb23a6148a16fe29157e0aad) Importer(815301076,1909f56bfc062723c751e8b465ee728b)  -> (artifact id: '21636a570ec63e49803dca9d240fd37a') in 0.008647 seconds
  Import took 0.011998 seconds .

========================================================================
Received Import Request.
  Time since last request: 0.000415 seconds.
  path: Assets/Menu/Resourcs/Material/New Physic Material.physicMaterial
  artifactKey: Guid(c9c47b5ddb23a6148a16fe29157e0aad) Importer(815301076,1909f56bfc062723c751e8b465ee728b)
Start importing Assets/Menu/Resourcs/Material/New Physic Material.physicMaterial using Guid(c9c47b5ddb23a6148a16fe29157e0aad) Importer(815301076,1909f56bfc062723c751e8b465ee728b)  -> (artifact id: '21636a570ec63e49803dca9d240fd37a') in 0.045522 seconds
  Import took 0.049014 seconds .

========================================================================
Received Prepare
Registering precompiled user dll's ...
Registered in 0.001872 seconds.
Begin MonoManager ReloadAssembly
Native extension for WindowsStandalone target not found
Refreshing native plugins compatible for Editor in 0.40 ms, found 1 plugins.
Preloading 0 native plugins for Editor in 0.00 ms.
Invoked RoslynAnalysisRunner static constructor.
RoslynAnalysisRunner will not be running.
RoslynAnalysisRunner has terminated.
Mono: successfully reloaded assembly
- Completed reload, in  1.084 seconds
Platform modules already initialized, skipping
Refreshing native plugins compatible for Editor in 0.40 ms, found 1 plugins.
Preloading 0 native plugins for Editor in 0.00 ms.
Unloading 2091 Unused Serialized files (Serialized files now loaded: 0)
System memory in use before: 112.5 MB.
System memory in use after: 112.5 MB.

Unloading 14 unused Assets to reduce memory usage. Loaded Objects now: 2651.
Total: 2.887367 ms (FindLiveObjects: 0.241652 ms CreateObjectMapping: 0.122714 ms MarkObjects: 2.356864 ms  DeleteObjects: 0.165003 ms)

========================================================================
Received Import Request.
  Time since last request: 353.666261 seconds.
  path: Assets/Menu/Resourcs/Sprites/ship_I.png
  artifactKey: Guid(c96258ab0a8e41744a29a7c9a9248d9d) Importer(815301076,1909f56bfc062723c751e8b465ee728b)
Start importing Assets/Menu/Resourcs/Sprites/ship_I.png using Guid(c96258ab0a8e41744a29a7c9a9248d9d) Importer(815301076,1909f56bfc062723c751e8b465ee728b)  -> (artifact id: '85488588382cf9a8ad487383e0f13bbd') in 0.040367 seconds
  Import took 0.043791 seconds .

========================================================================
Received Prepare
Registering precompiled user dll's ...
Registered in 0.002415 seconds.
Begin MonoManager ReloadAssembly
Native extension for WindowsStandalone target not found
Refreshing native plugins compatible for Editor in 0.42 ms, found 1 plugins.
Preloading 0 native plugins for Editor in 0.00 ms.
Invoked RoslynAnalysisRunner static constructor.
RoslynAnalysisRunner will not be running.
RoslynAnalysisRunner has terminated.
Mono: successfully reloaded assembly
- Completed reload, in  1.128 seconds
Platform modules already initialized, skipping
Refreshing native plugins compatible for Editor in 0.47 ms, found 1 plugins.
Preloading 0 native plugins for Editor in 0.00 ms.
Unloading 2091 Unused Serialized files (Serialized files now loaded: 0)
System memory in use before: 112.6 MB.
System memory in use after: 112.6 MB.

Unloading 12 unused Assets to reduce memory usage. Loaded Objects now: 2654.
Total: 2.366304 ms (FindLiveObjects: 0.217487 ms CreateObjectMapping: 0.252980 ms MarkObjects: 1.789359 ms  DeleteObjects: 0.105345 ms)

========================================================================
Received Import Request.
  Time since last request: 159.574493 seconds.
  path: Assets/Menu/Scripts/Player/ThirdPersonPlayerController.cs
  artifactKey: Guid(ed73c5ba440c05e4b89b90b55762c046) Importer(815301076,1909f56bfc062723c751e8b465ee728b)
Start importing Assets/Menu/Scripts/Player/ThirdPersonPlayerController.cs using Guid(ed73c5ba440c05e4b89b90b55762c046) Importer(815301076,1909f56bfc062723c751e8b465ee728b)  -> (artifact id: '05ea8de5e456b5e9212a7689ea09b8cf') in 0.005954 seconds
  Import took 0.009312 seconds .

========================================================================
Received Import Request.
  Time since last request: 0.004673 seconds.
  path: Assets/Menu/Scripts/Player/ThirdPersonPlayerController.cs
  artifactKey: Guid(ed73c5ba440c05e4b89b90b55762c046) Importer(815301076,1909f56bfc062723c751e8b465ee728b)
Start importing Assets/Menu/Scripts/Player/ThirdPersonPlayerController.cs using Guid(ed73c5ba440c05e4b89b90b55762c046) Importer(815301076,1909f56bfc062723c751e8b465ee728b)  -> (artifact id: '05ea8de5e456b5e9212a7689ea09b8cf') in 0.004761 seconds
  Import took 0.008394 seconds .

========================================================================
Received Prepare
Registering precompiled user dll's ...
Registered in 0.001198 seconds.
Begin MonoManager ReloadAssembly
Native extension for WindowsStandalone target not found
Refreshing native plugins compatible for Editor in 0.46 ms, found 1 plugins.
Preloading 0 native plugins for Editor in 0.00 ms.
Invoked RoslynAnalysisRunner static constructor.
RoslynAnalysisRunner will not be running.
RoslynAnalysisRunner has terminated.
Mono: successfully reloaded assembly
- Completed reload, in  1.105 seconds
Platform modules already initialized, skipping
Refreshing native plugins compatible for Editor in 0.42 ms, found 1 plugins.
Preloading 0 native plugins for Editor in 0.00 ms.
Unloading 2091 Unused Serialized files (Serialized files now loaded: 0)
System memory in use before: 111.9 MB.
System memory in use after: 111.9 MB.

Unloading 12 unused Assets to reduce memory usage. Loaded Objects now: 2657.
Total: 2.450882 ms (FindLiveObjects: 0.228059 ms CreateObjectMapping: 0.117805 ms MarkObjects: 1.993631 ms  DeleteObjects: 0.110254 ms)

========================================================================
Received Import Request.
  Time since last request: 33.455156 seconds.
  path: Assets/Menu/Scripts/Player/ThirdPersonPlayerController.cs
  artifactKey: Guid(ed73c5ba440c05e4b89b90b55762c046) Importer(815301076,1909f56bfc062723c751e8b465ee728b)
Start importing Assets/Menu/Scripts/Player/ThirdPersonPlayerController.cs using Guid(ed73c5ba440c05e4b89b90b55762c046) Importer(815301076,1909f56bfc062723c751e8b465ee728b)  -> (artifact id: '6c9c2ab9b967335d6c7ae7ad61519c03') in 0.007159 seconds
  Import took 0.010728 seconds .

========================================================================
Received Prepare
Registering precompiled user dll's ...
Registered in 0.001301 seconds.
Begin MonoManager ReloadAssembly
Native extension for WindowsStandalone target not found
Refreshing native plugins compatible for Editor in 0.38 ms, found 1 plugins.
Preloading 0 native plugins for Editor in 0.00 ms.
Invoked RoslynAnalysisRunner static constructor.
RoslynAnalysisRunner will not be running.
RoslynAnalysisRunner has terminated.
Mono: successfully reloaded assembly
- Completed reload, in  1.166 seconds
Platform modules already initialized, skipping
Refreshing native plugins compatible for Editor in 0.45 ms, found 1 plugins.
Preloading 0 native plugins for Editor in 0.00 ms.
Unloading 2091 Unused Serialized files (Serialized files now loaded: 0)
System memory in use before: 112.1 MB.
System memory in use after: 112.1 MB.

Unloading 12 unused Assets to reduce memory usage. Loaded Objects now: 2660.
Total: 2.287389 ms (FindLiveObjects: 0.224661 ms CreateObjectMapping: 0.102325 ms MarkObjects: 1.845997 ms  DeleteObjects: 0.113274 ms)

========================================================================
Received Import Request.
  Time since last request: 12.797147 seconds.
  path: Assets/Menu/Scripts/Player/ThirdPersonPlayerController.cs
  artifactKey: Guid(ed73c5ba440c05e4b89b90b55762c046) Importer(815301076,1909f56bfc062723c751e8b465ee728b)
Start importing Assets/Menu/Scripts/Player/ThirdPersonPlayerController.cs using Guid(ed73c5ba440c05e4b89b90b55762c046) Importer(815301076,1909f56bfc062723c751e8b465ee728b)  -> (artifact id: 'd40d9365c98aa07d253fb4b4597c8d5b') in 0.006914 seconds
  Import took 0.010204 seconds .

========================================================================
Received Import Request.
  Time since last request: 0.593085 seconds.
  path: Assets/Menu/Scripts/Menu/PauseMenu.cs
  artifactKey: Guid(41d60eacd59b8394fb4420e8a3ff7bcb) Importer(815301076,1909f56bfc062723c751e8b465ee728b)
Start importing Assets/Menu/Scripts/Menu/PauseMenu.cs using Guid(41d60eacd59b8394fb4420e8a3ff7bcb) Importer(815301076,1909f56bfc062723c751e8b465ee728b)  -> (artifact id: '7c8845fdb15be1b2aa9e7f6ec2295da8') in 0.005089 seconds
  Import took 0.009303 seconds .

========================================================================
Received Import Request.
  Time since last request: 0.000948 seconds.
  path: Assets/Menu/Scripts/Menu/PauseMenu.cs
  artifactKey: Guid(41d60eacd59b8394fb4420e8a3ff7bcb) Importer(815301076,1909f56bfc062723c751e8b465ee728b)
Start importing Assets/Menu/Scripts/Menu/PauseMenu.cs using Guid(41d60eacd59b8394fb4420e8a3ff7bcb) Importer(815301076,1909f56bfc062723c751e8b465ee728b)  -> (artifact id: '7c8845fdb15be1b2aa9e7f6ec2295da8') in 0.003542 seconds
  Import took 0.007835 seconds .

========================================================================
Received Prepare
Registering precompiled user dll's ...
Registered in 0.001343 seconds.
Begin MonoManager ReloadAssembly
Native extension for WindowsStandalone target not found
Refreshing native plugins compatible for Editor in 0.38 ms, found 1 plugins.
Preloading 0 native plugins for Editor in 0.00 ms.
Invoked RoslynAnalysisRunner static constructor.
RoslynAnalysisRunner will not be running.
RoslynAnalysisRunner has terminated.
Mono: successfully reloaded assembly
- Completed reload, in  1.138 seconds
Platform modules already initialized, skipping
Refreshing native plugins compatible for Editor in 1.31 ms, found 1 plugins.
Preloading 0 native plugins for Editor in 0.00 ms.
Unloading 2091 Unused Serialized files (Serialized files now loaded: 0)
System memory in use before: 112.3 MB.
System memory in use after: 112.3 MB.

Unloading 12 unused Assets to reduce memory usage. Loaded Objects now: 2663.
Total: 3.005550 ms (FindLiveObjects: 0.649440 ms CreateObjectMapping: 0.280166 ms MarkObjects: 1.963802 ms  DeleteObjects: 0.111009 ms)

========================================================================
Received Import Request.
  Time since last request: 88.559516 seconds.
  path: Assets/Menu/Scripts/Menu/PauseMenu.cs
  artifactKey: Guid(41d60eacd59b8394fb4420e8a3ff7bcb) Importer(815301076,1909f56bfc062723c751e8b465ee728b)
Start importing Assets/Menu/Scripts/Menu/PauseMenu.cs using Guid(41d60eacd59b8394fb4420e8a3ff7bcb) Importer(815301076,1909f56bfc062723c751e8b465ee728b)  -> (artifact id: '843fb8f5e8ef7008b15b2ea01aadd672') in 0.007278 seconds
  Import took 0.010594 seconds .

========================================================================
Received Prepare
Registering precompiled user dll's ...
Registered in 0.001224 seconds.
Begin MonoManager ReloadAssembly
Native extension for WindowsStandalone target not found
Refreshing native plugins compatible for Editor in 0.40 ms, found 1 plugins.
Preloading 0 native plugins for Editor in 0.00 ms.
Invoked RoslynAnalysisRunner static constructor.
RoslynAnalysisRunner will not be running.
RoslynAnalysisRunner has terminated.
Mono: successfully reloaded assembly
- Completed reload, in  1.102 seconds
Platform modules already initialized, skipping
Refreshing native plugins compatible for Editor in 0.44 ms, found 1 plugins.
Preloading 0 native plugins for Editor in 0.00 ms.
Unloading 2091 Unused Serialized files (Serialized files now loaded: 0)
System memory in use before: 112.5 MB.
System memory in use after: 112.5 MB.

Unloading 12 unused Assets to reduce memory usage. Loaded Objects now: 2666.
Total: 2.430115 ms (FindLiveObjects: 0.287717 ms CreateObjectMapping: 0.098171 ms MarkObjects: 1.927932 ms  DeleteObjects: 0.114785 ms)

========================================================================
Received Prepare
Registering precompiled user dll's ...
Registered in 0.001310 seconds.
Begin MonoManager ReloadAssembly
Native extension for WindowsStandalone target not found
Refreshing native plugins compatible for Editor in 0.38 ms, found 1 plugins.
Preloading 0 native plugins for Editor in 0.00 ms.
Invoked RoslynAnalysisRunner static constructor.
RoslynAnalysisRunner will not be running.
RoslynAnalysisRunner has terminated.
Mono: successfully reloaded assembly
- Completed reload, in  1.121 seconds
Platform modules already initialized, skipping
Refreshing native plugins compatible for Editor in 0.37 ms, found 1 plugins.
Preloading 0 native plugins for Editor in 0.00 ms.
Unloading 2091 Unused Serialized files (Serialized files now loaded: 0)
System memory in use before: 112.7 MB.
System memory in use after: 112.7 MB.

Unloading 12 unused Assets to reduce memory usage. Loaded Objects now: 2669.
Total: 3.043308 ms (FindLiveObjects: 0.283186 ms CreateObjectMapping: 0.198230 ms MarkObjects: 2.362906 ms  DeleteObjects: 0.197098 ms)

========================================================================
Received Prepare
Registering precompiled user dll's ...
Registered in 0.001272 seconds.
Begin MonoManager ReloadAssembly
Native extension for WindowsStandalone target not found
Refreshing native plugins compatible for Editor in 0.38 ms, found 1 plugins.
Preloading 0 native plugins for Editor in 0.00 ms.
Invoked RoslynAnalysisRunner static constructor.
RoslynAnalysisRunner will not be running.
RoslynAnalysisRunner has terminated.
Mono: successfully reloaded assembly
- Completed reload, in  1.080 seconds
Platform modules already initialized, skipping
Refreshing native plugins compatible for Editor in 0.37 ms, found 1 plugins.
Preloading 0 native plugins for Editor in 0.00 ms.
Unloading 2091 Unused Serialized files (Serialized files now loaded: 0)
System memory in use before: 112.7 MB.
System memory in use after: 112.7 MB.

Unloading 12 unused Assets to reduce memory usage. Loaded Objects now: 2672.
Total: 2.513561 ms (FindLiveObjects: 0.230702 ms CreateObjectMapping: 0.096661 ms MarkObjects: 2.065371 ms  DeleteObjects: 0.119693 ms)

========================================================================
Received Prepare
Registering precompiled user dll's ...
Registered in 0.001209 seconds.
Begin MonoManager ReloadAssembly
Native extension for WindowsStandalone target not found
Refreshing native plugins compatible for Editor in 0.54 ms, found 1 plugins.
Preloading 0 native plugins for Editor in 0.00 ms.
Invoked RoslynAnalysisRunner static constructor.
RoslynAnalysisRunner will not be running.
RoslynAnalysisRunner has terminated.
Mono: successfully reloaded assembly
- Completed reload, in  1.088 seconds
Platform modules already initialized, skipping
Refreshing native plugins compatible for Editor in 0.38 ms, found 1 plugins.
Preloading 0 native plugins for Editor in 0.00 ms.
Unloading 2091 Unused Serialized files (Serialized files now loaded: 0)
System memory in use before: 112.1 MB.
System memory in use after: 112.1 MB.

Unloading 12 unused Assets to reduce memory usage. Loaded Objects now: 2675.
Total: 5.248385 ms (FindLiveObjects: 1.405359 ms CreateObjectMapping: 0.215222 ms MarkObjects: 3.491875 ms  DeleteObjects: 0.134041 ms)

========================================================================
Received Prepare
Registering precompiled user dll's ...
Registered in 0.001464 seconds.
Begin MonoManager ReloadAssembly
Native extension for WindowsStandalone target not found
Refreshing native plugins compatible for Editor in 0.41 ms, found 1 plugins.
Preloading 0 native plugins for Editor in 0.00 ms.
Invoked RoslynAnalysisRunner static constructor.
RoslynAnalysisRunner will not be running.
RoslynAnalysisRunner has terminated.
Mono: successfully reloaded assembly
- Completed reload, in  1.196 seconds
Platform modules already initialized, skipping
Refreshing native plugins compatible for Editor in 0.37 ms, found 1 plugins.
Preloading 0 native plugins for Editor in 0.00 ms.
Unloading 2091 Unused Serialized files (Serialized files now loaded: 0)
System memory in use before: 112.3 MB.
System memory in use after: 112.3 MB.

Unloading 12 unused Assets to reduce memory usage. Loaded Objects now: 2678.
Total: 2.189596 ms (FindLiveObjects: 0.225039 ms CreateObjectMapping: 0.097794 ms MarkObjects: 1.757265 ms  DeleteObjects: 0.108366 ms)

========================================================================
Received Prepare
Registering precompiled user dll's ...
Registered in 0.001456 seconds.
Begin MonoManager ReloadAssembly
Native extension for WindowsStandalone target not found
Refreshing native plugins compatible for Editor in 0.38 ms, found 1 plugins.
Preloading 0 native plugins for Editor in 0.00 ms.
Invoked RoslynAnalysisRunner static constructor.
RoslynAnalysisRunner will not be running.
RoslynAnalysisRunner has terminated.
Mono: successfully reloaded assembly
- Completed reload, in  1.154 seconds
Platform modules already initialized, skipping
Refreshing native plugins compatible for Editor in 0.41 ms, found 1 plugins.
Preloading 0 native plugins for Editor in 0.00 ms.
Unloading 2091 Unused Serialized files (Serialized files now loaded: 0)
System memory in use before: 112.4 MB.
System memory in use after: 112.4 MB.

Unloading 12 unused Assets to reduce memory usage. Loaded Objects now: 2681.
Total: 2.191861 ms (FindLiveObjects: 0.218620 ms CreateObjectMapping: 0.092885 ms MarkObjects: 1.765949 ms  DeleteObjects: 0.113652 ms)

========================================================================
Received Prepare
Registering precompiled user dll's ...
Registered in 0.002905 seconds.
Begin MonoManager ReloadAssembly
Native extension for WindowsStandalone target not found
Refreshing native plugins compatible for Editor in 1.27 ms, found 1 plugins.
Preloading 0 native plugins for Editor in 0.00 ms.
Invoked RoslynAnalysisRunner static constructor.
RoslynAnalysisRunner will not be running.
RoslynAnalysisRunner has terminated.
Mono: successfully reloaded assembly
- Completed reload, in  1.164 seconds
Platform modules already initialized, skipping
Refreshing native plugins compatible for Editor in 0.38 ms, found 1 plugins.
Preloading 0 native plugins for Editor in 0.00 ms.
Unloading 2091 Unused Serialized files (Serialized files now loaded: 0)
System memory in use before: 112.6 MB.
System memory in use after: 112.6 MB.

Unloading 12 unused Assets to reduce memory usage. Loaded Objects now: 2684.
Total: 2.312687 ms (FindLiveObjects: 0.230325 ms CreateObjectMapping: 0.089109 ms MarkObjects: 1.881489 ms  DeleteObjects: 0.110631 ms)

========================================================================
Received Prepare
Registering precompiled user dll's ...
Registered in 0.001716 seconds.
Begin MonoManager ReloadAssembly
Native extension for WindowsStandalone target not found
Refreshing native plugins compatible for Editor in 0.40 ms, found 1 plugins.
Preloading 0 native plugins for Editor in 0.00 ms.
Invoked RoslynAnalysisRunner static constructor.
RoslynAnalysisRunner will not be running.
RoslynAnalysisRunner has terminated.
Mono: successfully reloaded assembly
- Completed reload, in  1.166 seconds
Platform modules already initialized, skipping
Refreshing native plugins compatible for Editor in 0.39 ms, found 1 plugins.
Preloading 0 native plugins for Editor in 0.00 ms.
Unloading 2091 Unused Serialized files (Serialized files now loaded: 0)
System memory in use before: 112.8 MB.
System memory in use after: 112.8 MB.

Unloading 12 unused Assets to reduce memory usage. Loaded Objects now: 2687.
Total: 2.307401 ms (FindLiveObjects: 0.262042 ms CreateObjectMapping: 0.121204 ms MarkObjects: 1.810126 ms  DeleteObjects: 0.113274 ms)

========================================================================
Received Prepare
Registering precompiled user dll's ...
Registered in 0.001670 seconds.
Begin MonoManager ReloadAssembly
Native extension for WindowsStandalone target not found
Refreshing native plugins compatible for Editor in 0.46 ms, found 1 plugins.
Preloading 0 native plugins for Editor in 0.00 ms.
Invoked RoslynAnalysisRunner static constructor.
RoslynAnalysisRunner will not be running.
RoslynAnalysisRunner has terminated.
Mono: successfully reloaded assembly
- Completed reload, in  1.279 seconds
Platform modules already initialized, skipping
Refreshing native plugins compatible for Editor in 0.61 ms, found 1 plugins.
Preloading 0 native plugins for Editor in 0.00 ms.
Unloading 2091 Unused Serialized files (Serialized files now loaded: 0)
System memory in use before: 112.0 MB.
System memory in use after: 112.0 MB.

Unloading 12 unused Assets to reduce memory usage. Loaded Objects now: 2690.
Total: 2.604558 ms (FindLiveObjects: 0.231458 ms CreateObjectMapping: 0.100437 ms MarkObjects: 2.133336 ms  DeleteObjects: 0.137440 ms)

========================================================================
Received Prepare
Registering precompiled user dll's ...
Registered in 0.001370 seconds.
Begin MonoManager ReloadAssembly
Native extension for WindowsStandalone target not found
Refreshing native plugins compatible for Editor in 0.42 ms, found 1 plugins.
Preloading 0 native plugins for Editor in 0.00 ms.
Invoked RoslynAnalysisRunner static constructor.
RoslynAnalysisRunner will not be running.
RoslynAnalysisRunner has terminated.
Mono: successfully reloaded assembly
- Completed reload, in  1.336 seconds
Platform modules already initialized, skipping
Refreshing native plugins compatible for Editor in 0.39 ms, found 1 plugins.
Preloading 0 native plugins for Editor in 0.00 ms.
Unloading 2091 Unused Serialized files (Serialized files now loaded: 0)
System memory in use before: 112.2 MB.
System memory in use after: 112.2 MB.

Unloading 12 unused Assets to reduce memory usage. Loaded Objects now: 2693.
Total: 3.491120 ms (FindLiveObjects: 0.258266 ms CreateObjectMapping: 0.109121 ms MarkObjects: 2.976476 ms  DeleteObjects: 0.145747 ms)

AssetImportWorkerClient::OnTransportError - code=2 error=End of file
